<?xml version="1.0" encoding="UTF-8"?>
<!-- Generated by org.testng.reporters.JUnitReportReporter -->
<testsuite hostname="LAPTOP-BHQN5RRL" name="com.test.HomePageTest" tests="2" failures="0" timestamp="1 May 2019 18:04:53 GMT" time="57.641" errors="0">
  <testcase name="verifyHomePageTitleTest" time="19.626" classname="com.test.HomePageTest"/>
  <testcase name="clickOnContactsLinkTest" time="38.015" classname="com.test.HomePageTest"/>
</testsuite> <!-- com.test.HomePageTest -->
