<?xml version="1.0" encoding="UTF-8"?>
<!-- Generated by org.testng.reporters.JUnitReportReporter -->
<testsuite hostname="LAPTOP-BHQN5RRL" name="com.test.ContactsPageTest" tests="4" failures="0" timestamp="1 May 2019 15:29:52 GMT" time="80.576" errors="0">
  <testcase name="createContactsTest" time="18.454" classname="com.test.ContactsPageTest"/>
  <testcase name="createContactsTest" time="19.782" classname="com.test.ContactsPageTest"/>
  <testcase name="createContactsTest" time="22.270" classname="com.test.ContactsPageTest"/>
  <testcase name="createContactsTest" time="20.070" classname="com.test.ContactsPageTest"/>
</testsuite> <!-- com.test.ContactsPageTest -->
